[2020-03-16 12:22:05][GBuDpwCqYB3Sl5LFszQwZFFE2VTdYVs1] Processing: App\Jobs\UserTest
[2020-03-16 12:22:05][GBuDpwCqYB3Sl5LFszQwZFFE2VTdYVs1] Processed:  App\Jobs\UserTest
[2020-03-16 12:22:59][gvX1OzWe40VtXkSCycEG83GPFH6lHvn1] Processing: App\Listeners\UserListener
[2020-03-16 12:22:59][gvX1OzWe40VtXkSCycEG83GPFH6lHvn1] Processed:  App\Listeners\UserListener
[2020-03-16 13:41:35][fyJ1nk6ABii1nhmXajLSoWLUb9I6AS0y] Processing: App\Jobs\UserTest
[2020-03-16 13:41:35][fyJ1nk6ABii1nhmXajLSoWLUb9I6AS0y] Processed:  App\Jobs\UserTest
[2020-03-16 13:42:29][JMKrTKiP6BLjdzAhkYT9KtgNJNvmTvcl] Processing: App\Listeners\UserListener
[2020-03-16 13:42:29][JMKrTKiP6BLjdzAhkYT9KtgNJNvmTvcl] Processed:  App\Listeners\UserListener
[2020-03-17 11:53:37][5OaMwco9ZbIx6TV8fvdNuzNppX5v4vgI] Processing: App\Jobs\UserTest
[2020-03-17 11:53:37][5OaMwco9ZbIx6TV8fvdNuzNppX5v4vgI] Processed:  App\Jobs\UserTest
[2020-03-17 11:54:04][oTLwaOfsE3eGIU2FKsyqS4Wy4Z1wkOLU] Processing: App\Jobs\UserTest
[2020-03-17 11:54:04][oTLwaOfsE3eGIU2FKsyqS4Wy4Z1wkOLU] Processed:  App\Jobs\UserTest
[2020-03-17 11:54:31][5TMrx1pm3n7dXH9vE9yeGG22Jz18KQ1A] Processing: App\Listeners\UserListener
[2020-03-17 11:54:31][5TMrx1pm3n7dXH9vE9yeGG22Jz18KQ1A] Processed:  App\Listeners\UserListener
[2020-03-17 11:54:58][O4hVeWuedKwovCy4is8ryHKMmVhnHNsN] Processing: App\Listeners\UserListener
[2020-03-17 11:54:58][O4hVeWuedKwovCy4is8ryHKMmVhnHNsN] Processed:  App\Listeners\UserListener
[2020-03-17 11:55:22][Vq6MzofeYfRaFj5WIQPXPdJ2ZCUaZjvq] Processing: App\Jobs\UserTest
[2020-03-17 11:55:22][Vq6MzofeYfRaFj5WIQPXPdJ2ZCUaZjvq] Processed:  App\Jobs\UserTest
[2020-03-17 11:55:25][K2g7WhPGfNjeF56dPK3sWcWKjBGPWBL8] Processing: App\Jobs\UserTest
[2020-03-17 11:55:25][K2g7WhPGfNjeF56dPK3sWcWKjBGPWBL8] Processed:  App\Jobs\UserTest
[2020-03-17 11:55:37][dzqFUzcf2G0cclPx7v6OvJwBu52Q8XPN] Processing: App\Jobs\UserTest
[2020-03-17 11:55:37][dzqFUzcf2G0cclPx7v6OvJwBu52Q8XPN] Processed:  App\Jobs\UserTest
[2020-03-17 11:56:16][mfJExTmVF9BIPt16AYtnbq8QpF1W8CVh] Processing: App\Listeners\UserListener
[2020-03-17 11:56:16][mfJExTmVF9BIPt16AYtnbq8QpF1W8CVh] Processed:  App\Listeners\UserListener
[2020-03-17 11:56:19][G2y23wQNNdDByrQnst8PRInrAdoQMCRt] Processing: App\Listeners\UserListener
[2020-03-17 11:56:19][G2y23wQNNdDByrQnst8PRInrAdoQMCRt] Processed:  App\Listeners\UserListener
[2020-03-17 11:56:32][Oa42EqOyVzstydGeAIz0LpvTvAuuWPQ9] Processing: App\Listeners\UserListener
[2020-03-17 11:56:32][Oa42EqOyVzstydGeAIz0LpvTvAuuWPQ9] Processed:  App\Listeners\UserListener
[2020-03-17 11:57:07][MU9XIwIfHuxC1ZypxAerNvxVLpjWDplw] Processing: App\Jobs\UserTest
[2020-03-17 11:57:07][MU9XIwIfHuxC1ZypxAerNvxVLpjWDplw] Processed:  App\Jobs\UserTest
[2020-03-17 11:57:10][VNvehj1iHWnRA1T127Rgg0Qy1sA3wiwP] Processing: App\Jobs\UserTest
[2020-03-17 11:57:10][VNvehj1iHWnRA1T127Rgg0Qy1sA3wiwP] Processed:  App\Jobs\UserTest
[2020-03-17 11:57:11][Mu40oWJTu8LxL6emvbwbnAoIQDveCGi7] Processing: App\Jobs\UserTest
[2020-03-17 11:57:11][Mu40oWJTu8LxL6emvbwbnAoIQDveCGi7] Processed:  App\Jobs\UserTest
[2020-03-17 11:58:02][aJp2EVz0M4P0mId6lDbV8zjUc0BU9112] Processing: App\Listeners\UserListener
[2020-03-17 11:58:02][aJp2EVz0M4P0mId6lDbV8zjUc0BU9112] Processed:  App\Listeners\UserListener
[2020-03-17 11:58:04][wPFtq77d3VTQeXlWDOT7DQX7BW2rXuXk] Processing: App\Listeners\UserListener
[2020-03-17 11:58:04][wPFtq77d3VTQeXlWDOT7DQX7BW2rXuXk] Processed:  App\Listeners\UserListener
[2020-03-17 11:58:07][9tCEgzLc4Mhx2TW0xnXxjgnU5wWw72yZ] Processing: App\Listeners\UserListener
[2020-03-17 11:58:07][9tCEgzLc4Mhx2TW0xnXxjgnU5wWw72yZ] Processed:  App\Listeners\UserListener
[2020-03-17 20:07:52][IpohTiUB9c31mLzjHjeCeemqq3u3lbMB] Processing: App\Jobs\UserTest
[2020-03-17 20:07:52][IpohTiUB9c31mLzjHjeCeemqq3u3lbMB] Processed:  App\Jobs\UserTest
[2020-03-17 20:08:49][SafRERkdAD9SPIJQ1n55xp1ohhk07pkL] Processing: App\Listeners\UserListener
[2020-03-17 20:08:49][SafRERkdAD9SPIJQ1n55xp1ohhk07pkL] Processed:  App\Listeners\UserListener
[2020-03-17 20:30:56][rpLtv3DypBSWAs5MDR31akPHVB5Vqpiq] Processing: App\Jobs\UserTest
[2020-03-17 20:30:56][rpLtv3DypBSWAs5MDR31akPHVB5Vqpiq] Processed:  App\Jobs\UserTest
[2020-03-17 20:31:50][xgl0Yr7iSXKSToUnpkIsKMCCQ1198svr] Processing: App\Listeners\UserListener
[2020-03-17 20:31:50][xgl0Yr7iSXKSToUnpkIsKMCCQ1198svr] Processed:  App\Listeners\UserListener
